[0mCompiling "target/cljsbuild/public/js/app.js" from ["src/cljc" "src/cljs" "env/dev/cljs"]...[0m
[32mSuccessfully compiled "target/cljsbuild/public/js/app.js" in 0.657 seconds.[0m
notifying browser that file changed:  target/cljsbuild/public/js/out/goog/deps.js
notifying browser that file changed:  target/cljsbuild/public/js/out/cljs_deps.js
notifying browser that file changed:  out/swagger_service/core.js
[0mCompiling "target/cljsbuild/public/js/app.js" from ["src/cljc" "src/cljs" "env/dev/cljs"]...[0m
[32mSuccessfully compiled "target/cljsbuild/public/js/app.js" in 0.466 seconds.[0m
notifying browser that file changed:  target/cljsbuild/public/js/out/cljs_deps.js
notifying browser that file changed:  out/swagger_service/core.js
[0mCompiling "target/cljsbuild/public/js/app.js" from ["src/cljc" "src/cljs" "env/dev/cljs"]...[0m
[32mSuccessfully compiled "target/cljsbuild/public/js/app.js" in 0.31 seconds.[0m
notifying browser that file changed:  out/swagger_service/core.js
[0mCompiling "target/cljsbuild/public/js/app.js" from ["src/cljc" "src/cljs" "env/dev/cljs"]...[0m
[32mSuccessfully compiled "target/cljsbuild/public/js/app.js" in 0.406 seconds.[0m
notifying browser that file changed:  out/swagger_service/core.js
[0mCompiling "target/cljsbuild/public/js/app.js" from ["src/cljc" "src/cljs" "env/dev/cljs"]...[0m
[32mSuccessfully compiled "target/cljsbuild/public/js/app.js" in 0.355 seconds.[0m
notifying browser that file changed:  out/swagger_service/core.js
[0mCompiling "target/cljsbuild/public/js/app.js" from ["src/cljc" "src/cljs" "env/dev/cljs"]...[0m
[36m----  Compiler Warning on   src/cljs/swagger_service/core.cljs   line:13  column:6  ----[0m

  [1mUse of undeclared Var swagger-service.core/fetch-links![0m

  [36m 9[0m  [36m        :handler #(reset! links %)}))[0m
  [36m10[0m  [36m[0m
  [36m11[0m  [36m(defn home-page [][0m
  [36m12[0m  [36m  (let [links (atom nil)][0m
  [33m13[0m  [1m    (fetch-links! links 20)[0m
  [0m  [0m  [33m     ^--- Use of undeclared Var swagger-service.core/fetch-links![0m
  [36m14[0m  [36m    (fn [][0m
  [36m15[0m  [36m      [:div[0m
  [36m16[0m  [36m       (for [link @links][0m
  [36m17[0m  [36m         [:img {:src link}])])))[0m

[36m----  Compiler Warning : Please see src/cljs/swagger_service/core.cljs  ----[0m
[32mSuccessfully compiled "target/cljsbuild/public/js/app.js" in 0.435 seconds.[0m
notifying browser that file changed:  out/swagger_service/core.js
[0mCompiling "target/cljsbuild/public/js/app.js" from ["src/cljc" "src/cljs" "env/dev/cljs"]...[0m
[32mSuccessfully compiled "target/cljsbuild/public/js/app.js" in 0.253 seconds.[0m
notifying browser that file changed:  out/swagger_service/core.js
[0mCompiling "target/cljsbuild/public/js/app.js" from ["src/cljc" "src/cljs" "env/dev/cljs"]...[0m
[32mSuccessfully compiled "target/cljsbuild/public/js/app.js" in 0.968 seconds.[0m
notifying browser that file changed:  out/swagger_service/core.js
[0mCompiling "target/cljsbuild/public/js/app.js" from ["src/cljc" "src/cljs" "env/dev/cljs"]...[0m
[36m----  Compiler Warning on   src/cljs/swagger_service/core.cljs   line:26  column:27  ----[0m

  [1mUse of undeclared Var swagger-service.core/page[0m

  [36m22[0m  [36m    (fetch-links! links 20)[0m
  [36m23[0m  [36m    (fn [][0m
  [36m24[0m  [36m      [:div[0m
  [36m25[0m  [36m       (when @links[0m
  [33m26[0m  [1m         [images (@links @page)])])))[0m
  [0m  [0m  [33m                          ^--- Use of undeclared Var swagger-service.core/page[0m
  [36m27[0m  [36m[0m
  [36m28[0m  [36m(defn mount-components [][0m
  [36m29[0m  [36m  (reagent/render-component [home-page] (.getElementById js/document "app")))[0m
  [36m30[0m  [36m[0m
  [36m31[0m  [36m(defn init! [][0m

[36m----  Compiler Warning : Please see src/cljs/swagger_service/core.cljs  ----[0m
[32mSuccessfully compiled "target/cljsbuild/public/js/app.js" in 0.286 seconds.[0m
notifying browser that file changed:  out/swagger_service/core.js
[0mCompiling "target/cljsbuild/public/js/app.js" from ["src/cljc" "src/cljs" "env/dev/cljs"]...[0m
[32mSuccessfully compiled "target/cljsbuild/public/js/app.js" in 0.36 seconds.[0m
notifying browser that file changed:  out/swagger_service/core.js
[0mCompiling "target/cljsbuild/public/js/app.js" from ["src/cljc" "src/cljs" "env/dev/cljs"]...[0m
[32mSuccessfully compiled "target/cljsbuild/public/js/app.js" in 0.401 seconds.[0m
notifying browser that file changed:  out/swagger_service/core.js
[0mCompiling "target/cljsbuild/public/js/app.js" from ["src/cljc" "src/cljs" "env/dev/cljs"]...[0m
[32mSuccessfully compiled "target/cljsbuild/public/js/app.js" in 0.337 seconds.[0m
notifying browser that file changed:  out/swagger_service/core.js
